
Terraform used the selected providers to generate the following execution
plan. Resource actions are indicated with the following symbols:
  [32m+[0m create[0m

Terraform will perform the following actions:

[1m  # proxmox_virtual_environment_container.db_container[0m will be created
[0m  [32m+[0m[0m resource "proxmox_virtual_environment_container" "db_container" {
      [32m+[0m[0m id             = (known after apply)
      [32m+[0m[0m node_name      = "pve"
      [32m+[0m[0m start_on_boot  = true
      [32m+[0m[0m started        = true
      [32m+[0m[0m template       = false
      [32m+[0m[0m timeout_create = 1800
      [32m+[0m[0m unprivileged   = true
      [32m+[0m[0m vm_id          = 109

      [32m+[0m[0m cpu {
          [32m+[0m[0m architecture = "amd64"
          [32m+[0m[0m cores        = 2
          [32m+[0m[0m units        = 1024
        }

      [32m+[0m[0m disk {
          [32m+[0m[0m datastore_id = "WorkLoad"
          [32m+[0m[0m size         = 8
        }

      [32m+[0m[0m initialization {
          [32m+[0m[0m hostname = "postgres-dev"

          [32m+[0m[0m ip_config {
              [32m+[0m[0m ipv4 {
                  [32m+[0m[0m address = "192.168.1.109/24"
                  [32m+[0m[0m gateway = "192.168.1.1"
                }
            }

          [32m+[0m[0m user_account {
              [32m+[0m[0m keys     = [
                  [32m+[0m[0m <<-EOT
                        ssh-rsa AAAAB3NzaC1yc2EAAAADAQABAAACAQC56WtpyZcY8ACWwcDTOj5rDWJekXENA9Yn3s4Te/gVUr8gDqVhoR0adzzZFseWmw3FwzCo3DydI1Q7cSq7l2v8PU1gkoORwFctdQZfsABRnMgTLKWMntkNLm+h8Rj29DrZOkwZ/PND+6NOAXOy0S7QEg540nVR8+DroQnOb4TBXOHoikA6Bz+lQC/fsdR1qkoNoZR2GIZzs3PBZR6zhlcSPsaNXdC6kGbXzQCegDwrSILHfTHunwGxAlTxfOwh2VqoWku5TdQ88DFIUqXbvtxx3UPiW37T5P0yeM9kCi/d4u4oKR2vNMr/SkzWB36c822ljsNjiuc0hyrFlbqdQ5yDvcojSguIsWdcMjaf6L+Xl9druIVI26m9mc6IJIPTNKQy90NEaj/CteLdWUKvG1tj901sOgqb6JfK1gJu+BhGzoxRzcRvZ5EpK8TI4pN0dEG1oz0IPntgJyKkJwQsr2+25gq6ybYWNkLCTlVvrRyNATPVZs1a53qpYoGvMVS8B1BTbQBL5ixJESKlAhl7bHe5X8GByi1qSRjEwmwtRbgSY2LzyA+tblf5+GZFb+QWzQIsCLIIJthuYqejJ3lmFlrbV5szyRsVp9jRM/p9bWqLXGRNW+LHa0L6GJlmbdmF1oVH/cZIMEXnMFBTcahjaXLja/cILR0kQqc8VYA1Fuf4DQ== my-ubuntu@dell-rapha
                    EOT,
                ]
              [32m+[0m[0m password = (sensitive value)
            }
        }

      [32m+[0m[0m memory {
          [32m+[0m[0m dedicated = 2048
          [32m+[0m[0m swap      = 512
        }

      [32m+[0m[0m network_interface {
          [32m+[0m[0m bridge     = "vmbr0"
          [32m+[0m[0m enabled    = true
          [32m+[0m[0m firewall   = false
          [32m+[0m[0m mtu        = 0
          [32m+[0m[0m name       = "eth0"
          [32m+[0m[0m rate_limit = 0
          [32m+[0m[0m vlan_id    = 0
        }

      [32m+[0m[0m operating_system {
          [32m+[0m[0m template_file_id = "local:vztmpl/ubuntu-25.04-standard_25.04-1.1_amd64.tar.zst"
          [32m+[0m[0m type             = "ubuntu"
        }
    }

[1mPlan:[0m [0m1 to add, 0 to change, 0 to destroy.
[0m[1mproxmox_virtual_environment_container.db_container: Creating...[0m[0m
[0m[1mproxmox_virtual_environment_container.db_container: Still creating... [00m10s elapsed][0m[0m
[0m[1mproxmox_virtual_environment_container.db_container: Creation complete after 11s [id=109][0m
[0m[1m[32m
Apply complete! Resources: 1 added, 0 changed, 0 destroyed.[0m
