2026-01-30T14:27:37.087-0300 [INFO]  Terraform version: 1.14.4
2026-01-30T14:27:37.088-0300 [DEBUG] using github.com/hashicorp/go-tfe v1.94.0
2026-01-30T14:27:37.088-0300 [DEBUG] using github.com/hashicorp/hcl/v2 v2.24.0
2026-01-30T14:27:37.088-0300 [DEBUG] using github.com/hashicorp/terraform-svchost v0.1.1
2026-01-30T14:27:37.088-0300 [DEBUG] using github.com/zclconf/go-cty v1.16.3
2026-01-30T14:27:37.088-0300 [INFO]  Go runtime version: go1.25.6
2026-01-30T14:27:37.088-0300 [INFO]  CLI args: []string{"terraform", "apply", "-auto-approve"}
2026-01-30T14:27:37.088-0300 [DEBUG] Attempting to open CLI config file: /home/my-ubuntu/.terraformrc
2026-01-30T14:27:37.088-0300 [DEBUG] File doesn't exist, but doesn't need to. Ignoring.
2026-01-30T14:27:37.088-0300 [DEBUG] ignoring non-existing provider search directory terraform.d/plugins
2026-01-30T14:27:37.088-0300 [DEBUG] ignoring non-existing provider search directory /home/my-ubuntu/.terraform.d/plugins
2026-01-30T14:27:37.088-0300 [DEBUG] ignoring non-existing provider search directory /home/my-ubuntu/.local/share/terraform/plugins
2026-01-30T14:27:37.088-0300 [DEBUG] ignoring non-existing provider search directory /usr/local/share/terraform/plugins
2026-01-30T14:27:37.088-0300 [DEBUG] ignoring non-existing provider search directory /usr/share/terraform/plugins
2026-01-30T14:27:37.088-0300 [DEBUG] ignoring non-existing provider search directory /var/lib/snapd/desktop/terraform/plugins
2026-01-30T14:27:37.089-0300 [INFO]  CLI command args: []string{"apply", "-auto-approve"}
2026-01-30T14:27:37.160-0300 [DEBUG] checking for provisioner in "."
2026-01-30T14:27:37.165-0300 [DEBUG] checking for provisioner in "/usr/bin"
2026-01-30T14:27:37.172-0300 [INFO]  backend/local: starting Apply operation
2026-01-30T14:27:37.177-0300 [DEBUG] created provider logger: level=debug
2026-01-30T14:27:37.177-0300 [INFO]  provider: configuring client automatic mTLS
2026-01-30T14:27:37.192-0300 [DEBUG] provider: starting plugin: path=.terraform/providers/registry.terraform.io/bpg/proxmox/0.50.0/linux_amd64/terraform-provider-proxmox_v0.50.0 args=[".terraform/providers/registry.terraform.io/bpg/proxmox/0.50.0/linux_amd64/terraform-provider-proxmox_v0.50.0"]
2026-01-30T14:27:37.192-0300 [DEBUG] provider: plugin started: path=.terraform/providers/registry.terraform.io/bpg/proxmox/0.50.0/linux_amd64/terraform-provider-proxmox_v0.50.0 pid=20711
2026-01-30T14:27:37.192-0300 [DEBUG] provider: waiting for RPC address: plugin=.terraform/providers/registry.terraform.io/bpg/proxmox/0.50.0/linux_amd64/terraform-provider-proxmox_v0.50.0
2026-01-30T14:27:37.199-0300 [INFO]  provider.terraform-provider-proxmox_v0.50.0: configuring server automatic mTLS: timestamp=2026-01-30T14:27:37.199-0300
2026-01-30T14:27:37.209-0300 [DEBUG] provider.terraform-provider-proxmox_v0.50.0: plugin address: address=/tmp/plugin3335033287 network=unix timestamp=2026-01-30T14:27:37.209-0300
2026-01-30T14:27:37.209-0300 [DEBUG] provider: using plugin: version=6
2026-01-30T14:27:37.242-0300 [DEBUG] provider.stdio: received EOF, stopping recv loop: err="rpc error: code = Unavailable desc = error reading from server: EOF"
2026-01-30T14:27:37.243-0300 [INFO]  provider: plugin process exited: plugin=.terraform/providers/registry.terraform.io/bpg/proxmox/0.50.0/linux_amd64/terraform-provider-proxmox_v0.50.0 id=20711
2026-01-30T14:27:37.243-0300 [DEBUG] provider: plugin exited
2026-01-30T14:27:37.246-0300 [DEBUG] Building and walking validate graph
2026-01-30T14:27:37.251-0300 [DEBUG] ProviderTransformer: "proxmox_virtual_environment_container.db_container" (*terraform.NodeValidatableResource) needs provider["registry.terraform.io/bpg/proxmox"]
2026-01-30T14:27:37.251-0300 [DEBUG] ReferenceTransformer: "var.pve_token_id" references: []
2026-01-30T14:27:37.251-0300 [DEBUG] ReferenceTransformer: "var.pve_host" references: []
2026-01-30T14:27:37.251-0300 [DEBUG] ReferenceTransformer: "var.container_vmid" references: []
2026-01-30T14:27:37.251-0300 [DEBUG] ReferenceTransformer: "var.container_hostname" references: []
2026-01-30T14:27:37.251-0300 [DEBUG] ReferenceTransformer: "var.disk_storage" references: []
2026-01-30T14:27:37.251-0300 [DEBUG] ReferenceTransformer: "var.disk_size" references: []
2026-01-30T14:27:37.251-0300 [DEBUG] ReferenceTransformer: "proxmox_virtual_environment_container.db_container" references: [var.pve_node var.container_vmid var.container_hostname var.container_ip var.container_gateway var.container_password var.ssh_public_key_path var.ssh_public_key_path var.network_bridge var.os_template var.container_cores var.container_memory var.container_swap var.disk_storage var.disk_size]
2026-01-30T14:27:37.251-0300 [DEBUG] ReferenceTransformer: "var.container_password" references: []
2026-01-30T14:27:37.252-0300 [DEBUG] ReferenceTransformer: "var.container_swap" references: []
2026-01-30T14:27:37.252-0300 [DEBUG] ReferenceTransformer: "var.pve_node" references: []
2026-01-30T14:27:37.252-0300 [DEBUG] ReferenceTransformer: "var.network_bridge" references: []
2026-01-30T14:27:37.252-0300 [DEBUG] ReferenceTransformer: "var.os_template" references: []
2026-01-30T14:27:37.252-0300 [DEBUG] ReferenceTransformer: "var.container_memory" references: []
2026-01-30T14:27:37.252-0300 [DEBUG] ReferenceTransformer: "var.container_ip" references: []
2026-01-30T14:27:37.252-0300 [DEBUG] ReferenceTransformer: "var.container_gateway" references: []
2026-01-30T14:27:37.252-0300 [DEBUG] ReferenceTransformer: "var.ssh_public_key_path" references: []
2026-01-30T14:27:37.252-0300 [DEBUG] ReferenceTransformer: "var.pve_token_secret" references: []
2026-01-30T14:27:37.252-0300 [DEBUG] ReferenceTransformer: "var.container_cores" references: []
2026-01-30T14:27:37.252-0300 [DEBUG] ReferenceTransformer: "provider[\"registry.terraform.io/bpg/proxmox\"]" references: [var.pve_token_id var.pve_token_secret var.pve_host]
2026-01-30T14:27:37.252-0300 [DEBUG] Starting graph walk: walkValidate
2026-01-30T14:27:37.259-0300 [DEBUG] created provider logger: level=debug
2026-01-30T14:27:37.259-0300 [INFO]  provider: configuring client automatic mTLS
2026-01-30T14:27:37.263-0300 [DEBUG] provider: starting plugin: path=.terraform/providers/registry.terraform.io/bpg/proxmox/0.50.0/linux_amd64/terraform-provider-proxmox_v0.50.0 args=[".terraform/providers/registry.terraform.io/bpg/proxmox/0.50.0/linux_amd64/terraform-provider-proxmox_v0.50.0"]
2026-01-30T14:27:37.263-0300 [DEBUG] provider: plugin started: path=.terraform/providers/registry.terraform.io/bpg/proxmox/0.50.0/linux_amd64/terraform-provider-proxmox_v0.50.0 pid=20725
2026-01-30T14:27:37.263-0300 [DEBUG] provider: waiting for RPC address: plugin=.terraform/providers/registry.terraform.io/bpg/proxmox/0.50.0/linux_amd64/terraform-provider-proxmox_v0.50.0
2026-01-30T14:27:37.268-0300 [INFO]  provider.terraform-provider-proxmox_v0.50.0: configuring server automatic mTLS: timestamp=2026-01-30T14:27:37.268-0300
2026-01-30T14:27:37.279-0300 [DEBUG] provider: using plugin: version=6
2026-01-30T14:27:37.279-0300 [DEBUG] provider.terraform-provider-proxmox_v0.50.0: plugin address: address=/tmp/plugin3150427354 network=unix timestamp=2026-01-30T14:27:37.278-0300
2026-01-30T14:27:37.295-0300 [DEBUG] provider.stdio: received EOF, stopping recv loop: err="rpc error: code = Unavailable desc = error reading from server: EOF"
2026-01-30T14:27:37.296-0300 [INFO]  provider: plugin process exited: plugin=.terraform/providers/registry.terraform.io/bpg/proxmox/0.50.0/linux_amd64/terraform-provider-proxmox_v0.50.0 id=20725
2026-01-30T14:27:37.297-0300 [DEBUG] provider: plugin exited
2026-01-30T14:27:37.297-0300 [INFO]  backend/local: apply calling Plan
2026-01-30T14:27:37.297-0300 [DEBUG] Building and walking plan graph for NormalMode
2026-01-30T14:27:37.298-0300 [DEBUG] ProviderTransformer: "proxmox_virtual_environment_container.db_container (expand)" (*terraform.nodeExpandPlannableResource) needs provider["registry.terraform.io/bpg/proxmox"]
2026-01-30T14:27:37.298-0300 [DEBUG] ReferenceTransformer: "var.container_hostname" references: []
2026-01-30T14:27:37.298-0300 [DEBUG] ReferenceTransformer: "var.container_swap" references: []
2026-01-30T14:27:37.298-0300 [DEBUG] ReferenceTransformer: "var.disk_storage" references: []
2026-01-30T14:27:37.298-0300 [DEBUG] ReferenceTransformer: "var.disk_size" references: []
2026-01-30T14:27:37.298-0300 [DEBUG] ReferenceTransformer: "var.pve_host" references: []
2026-01-30T14:27:37.298-0300 [DEBUG] ReferenceTransformer: "var.container_gateway" references: []
2026-01-30T14:27:37.298-0300 [DEBUG] ReferenceTransformer: "var.network_bridge" references: []
2026-01-30T14:27:37.298-0300 [DEBUG] ReferenceTransformer: "var.ssh_public_key_path" references: []
2026-01-30T14:27:37.298-0300 [DEBUG] ReferenceTransformer: "var.container_cores" references: []
2026-01-30T14:27:37.298-0300 [DEBUG] ReferenceTransformer: "var.container_ip" references: []
2026-01-30T14:27:37.298-0300 [DEBUG] ReferenceTransformer: "var.container_vmid" references: []
2026-01-30T14:27:37.298-0300 [DEBUG] ReferenceTransformer: "var.container_password" references: []
2026-01-30T14:27:37.298-0300 [DEBUG] ReferenceTransformer: "var.pve_token_secret" references: []
2026-01-30T14:27:37.298-0300 [DEBUG] ReferenceTransformer: "var.pve_token_id" references: []
2026-01-30T14:27:37.298-0300 [DEBUG] ReferenceTransformer: "proxmox_virtual_environment_container.db_container (expand)" references: [var.pve_node var.container_vmid var.container_hostname var.container_ip var.container_gateway var.ssh_public_key_path var.ssh_public_key_path var.container_password var.network_bridge var.os_template var.container_cores var.container_memory var.container_swap var.disk_storage var.disk_size]
2026-01-30T14:27:37.298-0300 [DEBUG] ReferenceTransformer: "var.container_memory" references: []
2026-01-30T14:27:37.298-0300 [DEBUG] ReferenceTransformer: "var.pve_node" references: []
2026-01-30T14:27:37.298-0300 [DEBUG] ReferenceTransformer: "var.os_template" references: []
2026-01-30T14:27:37.298-0300 [DEBUG] ReferenceTransformer: "provider[\"registry.terraform.io/bpg/proxmox\"]" references: [var.pve_token_id var.pve_token_secret var.pve_host]
2026-01-30T14:27:37.298-0300 [DEBUG] Starting graph walk: walkPlan
2026-01-30T14:27:37.299-0300 [DEBUG] created provider logger: level=debug
2026-01-30T14:27:37.299-0300 [INFO]  provider: configuring client automatic mTLS
2026-01-30T14:27:37.303-0300 [DEBUG] provider: starting plugin: path=.terraform/providers/registry.terraform.io/bpg/proxmox/0.50.0/linux_amd64/terraform-provider-proxmox_v0.50.0 args=[".terraform/providers/registry.terraform.io/bpg/proxmox/0.50.0/linux_amd64/terraform-provider-proxmox_v0.50.0"]
2026-01-30T14:27:37.303-0300 [DEBUG] provider: plugin started: path=.terraform/providers/registry.terraform.io/bpg/proxmox/0.50.0/linux_amd64/terraform-provider-proxmox_v0.50.0 pid=20736
2026-01-30T14:27:37.303-0300 [DEBUG] provider: waiting for RPC address: plugin=.terraform/providers/registry.terraform.io/bpg/proxmox/0.50.0/linux_amd64/terraform-provider-proxmox_v0.50.0
2026-01-30T14:27:37.308-0300 [INFO]  provider.terraform-provider-proxmox_v0.50.0: configuring server automatic mTLS: timestamp=2026-01-30T14:27:37.308-0300
2026-01-30T14:27:37.319-0300 [DEBUG] provider: using plugin: version=6
2026-01-30T14:27:37.319-0300 [DEBUG] provider.terraform-provider-proxmox_v0.50.0: plugin address: address=/tmp/plugin1520498607 network=unix timestamp=2026-01-30T14:27:37.318-0300
2026-01-30T14:27:37.335-0300 [INFO]  provider.terraform-provider-proxmox_v0.50.0: Configuring the Proxmox provider...: @caller=github.com/bpg/terraform-provider-proxmox/fwprovider/provider.go:229 @module=proxmox tf_mux_provider="*proto6server.Server" tf_provider_addr=registry.terraform.io/bpg/proxmox tf_req_id=072e14ae-b36b-0e25-e4db-f2641cdaa2ea tf_rpc=ConfigureProvider timestamp=2026-01-30T14:27:37.335-0300
2026-01-30T14:27:37.339-0300 [DEBUG] Resource instance state not found for node "proxmox_virtual_environment_container.db_container", instance proxmox_virtual_environment_container.db_container
2026-01-30T14:27:37.339-0300 [DEBUG] ReferenceTransformer: "proxmox_virtual_environment_container.db_container" references: []
2026-01-30T14:27:37.339-0300 [DEBUG] refresh: proxmox_virtual_environment_container.db_container: no state, so not refreshing
2026-01-30T14:27:37.346-0300 [WARN]  Provider "registry.terraform.io/bpg/proxmox" produced an invalid plan for proxmox_virtual_environment_container.db_container, but we are tolerating it because it is using the legacy plugin SDK.
    The following problems may be the cause of any confusing errors from downstream operations:
      - .start_on_boot: planned value cty.True for a non-computed attribute
      - .template: planned value cty.False for a non-computed attribute
      - .timeout_create: planned value cty.NumberIntVal(1800) for a non-computed attribute
      - .network_interface[0].rate_limit: planned value cty.NumberIntVal(0) for a non-computed attribute
      - .network_interface[0].vlan_id: planned value cty.NumberIntVal(0) for a non-computed attribute
      - .network_interface[0].enabled: planned value cty.True for a non-computed attribute
      - .network_interface[0].firewall: planned value cty.False for a non-computed attribute
      - .network_interface[0].mtu: planned value cty.NumberIntVal(0) for a non-computed attribute
      - .cpu[0].units: planned value cty.NumberIntVal(1024) for a non-computed attribute
      - .cpu[0].architecture: planned value cty.StringVal("amd64") for a non-computed attribute
2026-01-30T14:27:37.347-0300 [DEBUG] provider.stdio: received EOF, stopping recv loop: err="rpc error: code = Unavailable desc = error reading from server: EOF"
2026-01-30T14:27:37.348-0300 [INFO]  provider: plugin process exited: plugin=.terraform/providers/registry.terraform.io/bpg/proxmox/0.50.0/linux_amd64/terraform-provider-proxmox_v0.50.0 id=20736
2026-01-30T14:27:37.348-0300 [DEBUG] provider: plugin exited
2026-01-30T14:27:37.349-0300 [DEBUG] building apply graph to check for errors
2026-01-30T14:27:37.349-0300 [DEBUG] Resource state not found for node "proxmox_virtual_environment_container.db_container", instance proxmox_virtual_environment_container.db_container
2026-01-30T14:27:37.349-0300 [DEBUG] ProviderTransformer: "proxmox_virtual_environment_container.db_container" (*terraform.NodeApplyableResourceInstance) needs provider["registry.terraform.io/bpg/proxmox"]
2026-01-30T14:27:37.349-0300 [DEBUG] ProviderTransformer: "proxmox_virtual_environment_container.db_container (expand)" (*terraform.nodeExpandApplyableResource) needs provider["registry.terraform.io/bpg/proxmox"]
2026-01-30T14:27:37.349-0300 [DEBUG] ReferenceTransformer: "var.os_template" references: []
2026-01-30T14:27:37.349-0300 [DEBUG] ReferenceTransformer: "var.ssh_public_key_path" references: []
2026-01-30T14:27:37.349-0300 [DEBUG] ReferenceTransformer: "var.disk_storage" references: []
2026-01-30T14:27:37.349-0300 [DEBUG] ReferenceTransformer: "var.pve_node" references: []
2026-01-30T14:27:37.349-0300 [DEBUG] ReferenceTransformer: "var.container_vmid" references: []
2026-01-30T14:27:37.349-0300 [DEBUG] ReferenceTransformer: "var.container_gateway" references: []
2026-01-30T14:27:37.349-0300 [DEBUG] ReferenceTransformer: "var.container_cores" references: []
2026-01-30T14:27:37.349-0300 [DEBUG] ReferenceTransformer: "var.container_ip" references: []
2026-01-30T14:27:37.349-0300 [DEBUG] ReferenceTransformer: "var.disk_size" references: []
2026-01-30T14:27:37.349-0300 [DEBUG] ReferenceTransformer: "proxmox_virtual_environment_container.db_container" references: [var.container_vmid var.pve_node var.container_hostname var.container_ip var.container_gateway var.ssh_public_key_path var.ssh_public_key_path var.container_password var.network_bridge var.os_template var.container_cores var.container_memory var.container_swap var.disk_storage var.disk_size]
2026-01-30T14:27:37.349-0300 [DEBUG] ReferenceTransformer: "var.pve_host" references: []
2026-01-30T14:27:37.349-0300 [DEBUG] ReferenceTransformer: "var.container_password" references: []
2026-01-30T14:27:37.349-0300 [DEBUG] ReferenceTransformer: "var.container_hostname" references: []
2026-01-30T14:27:37.349-0300 [DEBUG] ReferenceTransformer: "var.container_memory" references: []
2026-01-30T14:27:37.349-0300 [DEBUG] ReferenceTransformer: "var.container_swap" references: []
2026-01-30T14:27:37.349-0300 [DEBUG] ReferenceTransformer: "provider[\"registry.terraform.io/bpg/proxmox\"]" references: [var.pve_token_id var.pve_token_secret var.pve_host]
2026-01-30T14:27:37.349-0300 [DEBUG] ReferenceTransformer: "proxmox_virtual_environment_container.db_container (expand)" references: [var.container_vmid var.pve_node var.container_hostname var.container_ip var.container_gateway var.ssh_public_key_path var.ssh_public_key_path var.container_password var.network_bridge var.os_template var.container_cores var.container_memory var.container_swap var.disk_storage var.disk_size]
2026-01-30T14:27:37.349-0300 [DEBUG] ReferenceTransformer: "var.pve_token_id" references: []
2026-01-30T14:27:37.349-0300 [DEBUG] ReferenceTransformer: "var.network_bridge" references: []
2026-01-30T14:27:37.349-0300 [DEBUG] ReferenceTransformer: "var.pve_token_secret" references: []
2026-01-30T14:27:37.352-0300 [INFO]  backend/local: apply calling Apply
2026-01-30T14:27:37.352-0300 [DEBUG] Building and walking apply graph for NormalMode plan
2026-01-30T14:27:37.352-0300 [DEBUG] Resource state not found for node "proxmox_virtual_environment_container.db_container", instance proxmox_virtual_environment_container.db_container
2026-01-30T14:27:37.353-0300 [DEBUG] ProviderTransformer: "proxmox_virtual_environment_container.db_container (expand)" (*terraform.nodeExpandApplyableResource) needs provider["registry.terraform.io/bpg/proxmox"]
2026-01-30T14:27:37.353-0300 [DEBUG] ProviderTransformer: "proxmox_virtual_environment_container.db_container" (*terraform.NodeApplyableResourceInstance) needs provider["registry.terraform.io/bpg/proxmox"]
2026-01-30T14:27:37.353-0300 [DEBUG] ReferenceTransformer: "var.container_memory" references: []
2026-01-30T14:27:37.353-0300 [DEBUG] ReferenceTransformer: "var.container_password" references: []
2026-01-30T14:27:37.353-0300 [DEBUG] ReferenceTransformer: "var.ssh_public_key_path" references: []
2026-01-30T14:27:37.353-0300 [DEBUG] ReferenceTransformer: "var.container_hostname" references: []
2026-01-30T14:27:37.353-0300 [DEBUG] ReferenceTransformer: "var.container_ip" references: []
2026-01-30T14:27:37.353-0300 [DEBUG] ReferenceTransformer: "var.container_swap" references: []
2026-01-30T14:27:37.353-0300 [DEBUG] ReferenceTransformer: "var.pve_node" references: []
2026-01-30T14:27:37.353-0300 [DEBUG] ReferenceTransformer: "var.pve_host" references: []
2026-01-30T14:27:37.353-0300 [DEBUG] ReferenceTransformer: "var.container_vmid" references: []
2026-01-30T14:27:37.353-0300 [DEBUG] ReferenceTransformer: "var.container_cores" references: []
2026-01-30T14:27:37.353-0300 [DEBUG] ReferenceTransformer: "proxmox_virtual_environment_container.db_container (expand)" references: [var.pve_node var.container_vmid var.container_hostname var.container_gateway var.container_ip var.ssh_public_key_path var.ssh_public_key_path var.container_password var.network_bridge var.os_template var.container_cores var.container_memory var.container_swap var.disk_storage var.disk_size]
2026-01-30T14:27:37.353-0300 [DEBUG] ReferenceTransformer: "var.container_gateway" references: []
2026-01-30T14:27:37.353-0300 [DEBUG] ReferenceTransformer: "var.network_bridge" references: []
2026-01-30T14:27:37.353-0300 [DEBUG] ReferenceTransformer: "var.os_template" references: []
2026-01-30T14:27:37.353-0300 [DEBUG] ReferenceTransformer: "var.pve_token_secret" references: []
2026-01-30T14:27:37.353-0300 [DEBUG] ReferenceTransformer: "var.disk_storage" references: []
2026-01-30T14:27:37.353-0300 [DEBUG] ReferenceTransformer: "var.disk_size" references: []
2026-01-30T14:27:37.353-0300 [DEBUG] ReferenceTransformer: "var.pve_token_id" references: []
2026-01-30T14:27:37.353-0300 [DEBUG] ReferenceTransformer: "proxmox_virtual_environment_container.db_container" references: [var.pve_node var.container_vmid var.container_hostname var.container_ip var.container_gateway var.container_password var.ssh_public_key_path var.ssh_public_key_path var.network_bridge var.os_template var.container_cores var.container_swap var.container_memory var.disk_storage var.disk_size]
2026-01-30T14:27:37.353-0300 [DEBUG] ReferenceTransformer: "provider[\"registry.terraform.io/bpg/proxmox\"]" references: [var.pve_host var.pve_token_id var.pve_token_secret]
2026-01-30T14:27:37.353-0300 [DEBUG] Starting graph walk: walkApply
2026-01-30T14:27:37.354-0300 [DEBUG] created provider logger: level=debug
2026-01-30T14:27:37.354-0300 [INFO]  provider: configuring client automatic mTLS
2026-01-30T14:27:37.358-0300 [DEBUG] provider: starting plugin: path=.terraform/providers/registry.terraform.io/bpg/proxmox/0.50.0/linux_amd64/terraform-provider-proxmox_v0.50.0 args=[".terraform/providers/registry.terraform.io/bpg/proxmox/0.50.0/linux_amd64/terraform-provider-proxmox_v0.50.0"]
2026-01-30T14:27:37.358-0300 [DEBUG] provider: plugin started: path=.terraform/providers/registry.terraform.io/bpg/proxmox/0.50.0/linux_amd64/terraform-provider-proxmox_v0.50.0 pid=20747
2026-01-30T14:27:37.358-0300 [DEBUG] provider: waiting for RPC address: plugin=.terraform/providers/registry.terraform.io/bpg/proxmox/0.50.0/linux_amd64/terraform-provider-proxmox_v0.50.0
2026-01-30T14:27:37.363-0300 [INFO]  provider.terraform-provider-proxmox_v0.50.0: configuring server automatic mTLS: timestamp=2026-01-30T14:27:37.363-0300
2026-01-30T14:27:37.375-0300 [DEBUG] provider: using plugin: version=6
2026-01-30T14:27:37.375-0300 [DEBUG] provider.terraform-provider-proxmox_v0.50.0: plugin address: address=/tmp/plugin3350755764 network=unix timestamp=2026-01-30T14:27:37.374-0300
2026-01-30T14:27:37.388-0300 [INFO]  provider.terraform-provider-proxmox_v0.50.0: Configuring the Proxmox provider...: @caller=github.com/bpg/terraform-provider-proxmox/fwprovider/provider.go:229 tf_mux_provider="*proto6server.Server" tf_req_id=436f6cf3-d4ab-a9ae-7aa2-77ce6677a94a tf_rpc=ConfigureProvider @module=proxmox tf_provider_addr=registry.terraform.io/bpg/proxmox timestamp=2026-01-30T14:27:37.388-0300
2026-01-30T14:27:37.394-0300 [WARN]  Provider "registry.terraform.io/bpg/proxmox" produced an invalid plan for proxmox_virtual_environment_container.db_container, but we are tolerating it because it is using the legacy plugin SDK.
    The following problems may be the cause of any confusing errors from downstream operations:
      - .start_on_boot: planned value cty.True for a non-computed attribute
      - .template: planned value cty.False for a non-computed attribute
      - .timeout_create: planned value cty.NumberIntVal(1800) for a non-computed attribute
      - .cpu[0].units: planned value cty.NumberIntVal(1024) for a non-computed attribute
      - .cpu[0].architecture: planned value cty.StringVal("amd64") for a non-computed attribute
      - .network_interface[0].mtu: planned value cty.NumberIntVal(0) for a non-computed attribute
      - .network_interface[0].rate_limit: planned value cty.NumberIntVal(0) for a non-computed attribute
      - .network_interface[0].vlan_id: planned value cty.NumberIntVal(0) for a non-computed attribute
      - .network_interface[0].enabled: planned value cty.True for a non-computed attribute
      - .network_interface[0].firewall: planned value cty.False for a non-computed attribute
2026-01-30T14:27:37.395-0300 [INFO]  Starting apply for proxmox_virtual_environment_container.db_container
2026-01-30T14:27:37.395-0300 [DEBUG] proxmox_virtual_environment_container.db_container: applying the planned Create change
2026-01-30T14:27:37.399-0300 [DEBUG] provider.terraform-provider-proxmox_v0.50.0: Sending HTTP Request: Accept=application/json Accept-Encoding=gzip Content-Type=application/x-www-form-urlencoded User-Agent=Go-http-client/1.1 tf_http_req_method=POST tf_http_req_uri=/api2/json/nodes/pve/lxc tf_mux_provider=tf5to6server.v5tov6Server @module=proxmox Host=192.168.1.191:8006 tf_http_req_body="arch=amd64&cmode=tty&console=1&cores=2&cpuunits=1024&hostname=postgres-dev&memory=2048&net0=bridge%3Dvmbr0%2Cip%3D192.168.1.109%2F24%2Cgw%3D192.168.1.1%2Cname%3Deth0&onboot=1&ostemplate=local%3Avztmpl%2Fubuntu-25.04-standard_25.04-1.1_amd64.tar.zst&ostype=ubuntu&password=824650&rootfs=volume%3DWorkLoad%3A8&ssh-public-keys=ssh-rsa+AAAAB3NzaC1yc2EAAAADAQABAAACAQC56WtpyZcY8ACWwcDTOj5rDWJekXENA9Yn3s4Te%2FgVUr8gDqVhoR0adzzZFseWmw3FwzCo3DydI1Q7cSq7l2v8PU1gkoORwFctdQZfsABRnMgTLKWMntkNLm%2Bh8Rj29DrZOkwZ%2FPND%2B6NOAXOy0S7QEg540nVR8%2BDroQnOb4TBXOHoikA6Bz%2BlQC%2FfsdR1qkoNoZR2GIZzs3PBZR6zhlcSPsaNXdC6kGbXzQCegDwrSILHfTHunwGxAlTxfOwh2VqoWku5TdQ88DFIUqXbvtxx3UPiW37T5P0yeM9kCi%2Fd4u4oKR2vNMr%2FSkzWB36c822ljsNjiuc0hyrFlbqdQ5yDvcojSguIsWdcMjaf6L%2BXl9druIVI26m9mc6IJIPTNKQy90NEaj%2FCteLdWUKvG1tj901sOgqb6JfK1gJu%2BBhGzoxRzcRvZ5EpK8TI4pN0dEG1oz0IPntgJyKkJwQsr2%2B25gq6ybYWNkLCTlVvrRyNATPVZs1a53qpYoGvMVS8B1BTbQBL5ixJESKlAhl7bHe5X8GByi1qSRjEwmwtRbgSY2LzyA%2Btblf5%2BGZFb%2BQWzQIsCLIIJthuYqejJ3lmFlrbV5szyRsVp9jRM%2Fp9bWqLXGRNW%2BLHa0L6GJlmbdmF1oVH%2FcZIMEXnMFBTcahjaXLja%2FcILR0kQqc8VYA1Fuf4DQ%3D%3D+my-ubuntu%40dell-rapha%0A&start=1&storage=WorkLoad&swap=512&template=0&tty=2&unprivileged=1&vmid=109" tf_http_req_version=HTTP/1.1 @caller=github.com/hashicorp/terraform-plugin-sdk/v2@v2.33.0/helper/logging/logging_http_transport.go:162 Authorization="PVEAPIToken=user_iac@pam!b6abc8eb-291c-402c-a07a-189e557ca097=5d72a478-9122-4d5e-bd76-6e8974df4205" Content-Length=1193 tf_http_trans_id=ea3b0e34-2943-27c6-3ea3-333d02ba3a5d tf_provider_addr=registry.terraform.io/bpg/proxmox tf_req_id=99abf062-ae70-7697-5704-4f6e2cce797f tf_resource_type=proxmox_virtual_environment_container tf_http_op_type=request tf_rpc=ApplyResourceChange timestamp=2026-01-30T14:27:37.399-0300
2026-01-30T14:27:37.711-0300 [DEBUG] provider.terraform-provider-proxmox_v0.50.0: Received HTTP Response: @module=proxmox tf_http_op_type=response tf_provider_addr=registry.terraform.io/bpg/proxmox tf_req_id=99abf062-ae70-7697-5704-4f6e2cce797f Content-Length=110 Expires="Fri, 30 Jan 2026 17:27:37 GMT" Pragma=no-cache Server=pve-api-daemon/3.0 tf_http_res_body="{\"data\":\"UPID:pve:000BCC50:158B4767:697CEA09:vzcreate:109:user_iac@pam!b6abc8eb-291c-402c-a07a-189e557ca097:\"}" tf_http_res_status_code=200 tf_http_res_version=HTTP/1.1 tf_rpc=ApplyResourceChange @caller=github.com/hashicorp/terraform-plugin-sdk/v2@v2.33.0/helper/logging/logging_http_transport.go:162 tf_http_res_status_reason="200 OK" tf_http_trans_id=ea3b0e34-2943-27c6-3ea3-333d02ba3a5d tf_mux_provider=tf5to6server.v5tov6Server Cache-Control=max-age=0 Content-Type=application/json;charset=UTF-8 Date="Fri, 30 Jan 2026 17:27:37 GMT" tf_resource_type=proxmox_virtual_environment_container timestamp=2026-01-30T14:27:37.711-0300
2026-01-30T14:27:37.712-0300 [DEBUG] provider.terraform-provider-proxmox_v0.50.0: Sending HTTP Request: tf_http_req_uri="/api2/json/nodes/pve/tasks/UPID:pve:000BCC50:158B4767:697CEA09:vzcreate:109:user_iac@pam%21b6abc8eb-291c-402c-a07a-189e557ca097:/status" @caller=github.com/hashicorp/terraform-plugin-sdk/v2@v2.33.0/helper/logging/logging_http_transport.go:162 Accept-Encoding=gzip User-Agent=Go-http-client/1.1 tf_http_req_body="" tf_http_req_version=HTTP/1.1 tf_mux_provider=tf5to6server.v5tov6Server tf_provider_addr=registry.terraform.io/bpg/proxmox tf_rpc=ApplyResourceChange @module=proxmox Authorization="PVEAPIToken=user_iac@pam!b6abc8eb-291c-402c-a07a-189e557ca097=5d72a478-9122-4d5e-bd76-6e8974df4205" tf_http_op_type=request tf_http_trans_id=54ba4878-bac0-4535-cc13-1d16e3c299d9 tf_req_id=99abf062-ae70-7697-5704-4f6e2cce797f tf_resource_type=proxmox_virtual_environment_container Accept=application/json Host=192.168.1.191:8006 tf_http_req_method=GET timestamp=2026-01-30T14:27:37.711-0300
2026-01-30T14:27:37.730-0300 [DEBUG] provider.terraform-provider-proxmox_v0.50.0: Received HTTP Response: tf_http_trans_id=54ba4878-bac0-4535-cc13-1d16e3c299d9 tf_rpc=ApplyResourceChange Content-Length=306 tf_http_res_version=HTTP/1.1 tf_req_id=99abf062-ae70-7697-5704-4f6e2cce797f tf_resource_type=proxmox_virtual_environment_container @caller=github.com/hashicorp/terraform-plugin-sdk/v2@v2.33.0/helper/logging/logging_http_transport.go:162 Cache-Control=max-age=0 Pragma=no-cache tf_http_op_type=response tf_http_res_status_code=200 tf_http_res_status_reason="200 OK" tf_mux_provider=tf5to6server.v5tov6Server tf_provider_addr=registry.terraform.io/bpg/proxmox tf_http_res_body="{\"data\":{\"starttime\":1769794057,\"pid\":773200,\"tokenid\":\"b6abc8eb-291c-402c-a07a-189e557ca097\",\"id\":\"109\",\"pstart\":361449319,\"user\":\"user_iac@pam\",\"status\":\"running\",\"type\":\"vzcreate\",\"upid\":\"UPID:pve:000BCC50:158B4767:697CEA09:vzcreate:109:user_iac@pam!b6abc8eb-291c-402c-a07a-189e557ca097:\",\"node\":\"pve\"}}" @module=proxmox Content-Type=application/json;charset=UTF-8 Date="Fri, 30 Jan 2026 17:27:37 GMT" Expires="Fri, 30 Jan 2026 17:27:37 GMT" Server=pve-api-daemon/3.0 timestamp=2026-01-30T14:27:37.729-0300
2026-01-30T14:27:42.743-0300 [DEBUG] provider.terraform-provider-proxmox_v0.50.0: Sending HTTP Request: Host=192.168.1.191:8006 tf_http_req_version=HTTP/1.1 tf_mux_provider=tf5to6server.v5tov6Server tf_resource_type=proxmox_virtual_environment_container Accept-Encoding=gzip tf_http_op_type=request tf_http_req_body="" @caller=github.com/hashicorp/terraform-plugin-sdk/v2@v2.33.0/helper/logging/logging_http_transport.go:162 User-Agent=Go-http-client/1.1 tf_http_req_uri="/api2/json/nodes/pve/tasks/UPID:pve:000BCC50:158B4767:697CEA09:vzcreate:109:user_iac@pam%21b6abc8eb-291c-402c-a07a-189e557ca097:/status" tf_http_trans_id=8700c830-aab5-5714-88b4-6e0997d4da21 tf_provider_addr=registry.terraform.io/bpg/proxmox tf_req_id=99abf062-ae70-7697-5704-4f6e2cce797f Accept=application/json tf_http_req_method=GET tf_rpc=ApplyResourceChange @module=proxmox Authorization="PVEAPIToken=user_iac@pam!b6abc8eb-291c-402c-a07a-189e557ca097=5d72a478-9122-4d5e-bd76-6e8974df4205" timestamp=2026-01-30T14:27:42.743-0300
2026-01-30T14:27:42.764-0300 [DEBUG] provider.terraform-provider-proxmox_v0.50.0: Received HTTP Response: Content-Length=306 tf_http_res_status_reason="200 OK" tf_http_res_version=HTTP/1.1 tf_http_trans_id=8700c830-aab5-5714-88b4-6e0997d4da21 tf_mux_provider=tf5to6server.v5tov6Server Cache-Control=max-age=0 Pragma=no-cache Server=pve-api-daemon/3.0 tf_provider_addr=registry.terraform.io/bpg/proxmox Expires="Fri, 30 Jan 2026 17:27:42 GMT" tf_http_op_type=response tf_http_res_body="{\"data\":{\"type\":\"vzcreate\",\"status\":\"running\",\"upid\":\"UPID:pve:000BCC50:158B4767:697CEA09:vzcreate:109:user_iac@pam!b6abc8eb-291c-402c-a07a-189e557ca097:\",\"node\":\"pve\",\"pid\":773200,\"starttime\":1769794057,\"tokenid\":\"b6abc8eb-291c-402c-a07a-189e557ca097\",\"id\":\"109\",\"pstart\":361449319,\"user\":\"user_iac@pam\"}}" tf_http_res_status_code=200 tf_rpc=ApplyResourceChange Content-Type=application/json;charset=UTF-8 Date="Fri, 30 Jan 2026 17:27:42 GMT" tf_req_id=99abf062-ae70-7697-5704-4f6e2cce797f tf_resource_type=proxmox_virtual_environment_container @caller=github.com/hashicorp/terraform-plugin-sdk/v2@v2.33.0/helper/logging/logging_http_transport.go:162 @module=proxmox timestamp=2026-01-30T14:27:42.763-0300
2026-01-30T14:27:47.772-0300 [DEBUG] provider.terraform-provider-proxmox_v0.50.0: Sending HTTP Request: tf_http_req_uri="/api2/json/nodes/pve/tasks/UPID:pve:000BCC50:158B4767:697CEA09:vzcreate:109:user_iac@pam%21b6abc8eb-291c-402c-a07a-189e557ca097:/status" @caller=github.com/hashicorp/terraform-plugin-sdk/v2@v2.33.0/helper/logging/logging_http_transport.go:162 Accept-Encoding=gzip Authorization="PVEAPIToken=user_iac@pam!b6abc8eb-291c-402c-a07a-189e557ca097=5d72a478-9122-4d5e-bd76-6e8974df4205" Host=192.168.1.191:8006 tf_http_req_body="" tf_mux_provider=tf5to6server.v5tov6Server tf_req_id=99abf062-ae70-7697-5704-4f6e2cce797f tf_resource_type=proxmox_virtual_environment_container tf_rpc=ApplyResourceChange tf_http_req_method=GET @module=proxmox Accept=application/json User-Agent=Go-http-client/1.1 tf_http_op_type=request tf_http_req_version=HTTP/1.1 tf_http_trans_id=b7c7a595-42f3-3258-df10-2e7cc8ab10ed tf_provider_addr=registry.terraform.io/bpg/proxmox timestamp=2026-01-30T14:27:47.772-0300
2026-01-30T14:27:47.785-0300 [DEBUG] provider.terraform-provider-proxmox_v0.50.0: Received HTTP Response: @caller=github.com/hashicorp/terraform-plugin-sdk/v2@v2.33.0/helper/logging/logging_http_transport.go:162 @module=proxmox Cache-Control=max-age=0 Content-Length=324 Pragma=no-cache tf_http_res_status_code=200 tf_http_res_status_reason="200 OK" tf_http_trans_id=b7c7a595-42f3-3258-df10-2e7cc8ab10ed tf_mux_provider=tf5to6server.v5tov6Server tf_provider_addr=registry.terraform.io/bpg/proxmox tf_http_res_version=HTTP/1.1 tf_resource_type=proxmox_virtual_environment_container tf_rpc=ApplyResourceChange tf_http_res_body="{\"data\":{\"pid\":773200,\"starttime\":1769794057,\"tokenid\":\"b6abc8eb-291c-402c-a07a-189e557ca097\",\"id\":\"109\",\"pstart\":361449319,\"user\":\"user_iac@pam\",\"status\":\"stopped\",\"type\":\"vzcreate\",\"upid\":\"UPID:pve:000BCC50:158B4767:697CEA09:vzcreate:109:user_iac@pam!b6abc8eb-291c-402c-a07a-189e557ca097:\",\"exitstatus\":\"OK\",\"node\":\"pve\"}}" Content-Type=application/json;charset=UTF-8 Date="Fri, 30 Jan 2026 17:27:47 GMT" Expires="Fri, 30 Jan 2026 17:27:47 GMT" Server=pve-api-daemon/3.0 tf_http_op_type=response tf_req_id=99abf062-ae70-7697-5704-4f6e2cce797f timestamp=2026-01-30T14:27:47.784-0300
2026-01-30T14:27:47.785-0300 [DEBUG] provider.terraform-provider-proxmox_v0.50.0: Sending HTTP Request: @caller=github.com/hashicorp/terraform-plugin-sdk/v2@v2.33.0/helper/logging/logging_http_transport.go:162 Accept=application/json Accept-Encoding=gzip Authorization="PVEAPIToken=user_iac@pam!b6abc8eb-291c-402c-a07a-189e557ca097=5d72a478-9122-4d5e-bd76-6e8974df4205" tf_http_op_type=request tf_http_trans_id=61d28fbf-e6af-7bd3-8c4a-d805c24d8381 @module=proxmox Host=192.168.1.191:8006 tf_http_req_method=GET tf_http_req_version=HTTP/1.1 tf_req_id=99abf062-ae70-7697-5704-4f6e2cce797f tf_resource_type=proxmox_virtual_environment_container tf_http_req_body="" User-Agent=Go-http-client/1.1 tf_mux_provider=tf5to6server.v5tov6Server tf_http_req_uri=/api2/json/nodes/pve/lxc/109/status/current tf_provider_addr=registry.terraform.io/bpg/proxmox tf_rpc=ApplyResourceChange timestamp=2026-01-30T14:27:47.785-0300
2026-01-30T14:27:48.425-0300 [DEBUG] provider.terraform-provider-proxmox_v0.50.0: Received HTTP Response: tf_http_res_status_reason="200 OK" tf_provider_addr=registry.terraform.io/bpg/proxmox @module=proxmox Cache-Control=max-age=0 Content-Type=application/json;charset=UTF-8 tf_req_id=99abf062-ae70-7697-5704-4f6e2cce797f tf_http_op_type=response tf_http_res_body="{\"data\":{\"maxmem\":2147483648,\"swap\":0,\"diskwrite\":0,\"netout\":0,\"ha\":{\"managed\":0},\"mem\":339968,\"uptime\":0,\"diskread\":868352,\"vmid\":109,\"maxswap\":536870912,\"status\":\"running\",\"name\":\"postgres-dev\",\"pid\":773359,\"cpus\":2,\"disk\":626585600,\"netin\":0,\"cpu\":0,\"maxdisk\":8350298112,\"type\":\"lxc\"}}" Expires="Fri, 30 Jan 2026 17:27:48 GMT" Server=pve-api-daemon/3.0 tf_http_trans_id=61d28fbf-e6af-7bd3-8c4a-d805c24d8381 tf_mux_provider=tf5to6server.v5tov6Server Pragma=no-cache tf_http_res_version=HTTP/1.1 tf_resource_type=proxmox_virtual_environment_container tf_rpc=ApplyResourceChange @caller=github.com/hashicorp/terraform-plugin-sdk/v2@v2.33.0/helper/logging/logging_http_transport.go:162 Content-Length=288 Date="Fri, 30 Jan 2026 17:27:48 GMT" tf_http_res_status_code=200 timestamp=2026-01-30T14:27:48.425-0300
2026-01-30T14:27:48.426-0300 [DEBUG] provider.terraform-provider-proxmox_v0.50.0: Sending HTTP Request: @module=proxmox tf_provider_addr=registry.terraform.io/bpg/proxmox tf_rpc=ApplyResourceChange Accept=application/json tf_http_op_type=request tf_http_req_body="" tf_http_req_version=HTTP/1.1 tf_http_trans_id=cccf49e2-4cc6-25e0-4b3d-21c19851abac tf_mux_provider=tf5to6server.v5tov6Server tf_req_id=99abf062-ae70-7697-5704-4f6e2cce797f @caller=github.com/hashicorp/terraform-plugin-sdk/v2@v2.33.0/helper/logging/logging_http_transport.go:162 Authorization="PVEAPIToken=user_iac@pam!b6abc8eb-291c-402c-a07a-189e557ca097=5d72a478-9122-4d5e-bd76-6e8974df4205" tf_http_req_uri=/api2/json/nodes/pve/lxc/109/status/current Accept-Encoding=gzip Host=192.168.1.191:8006 User-Agent=Go-http-client/1.1 tf_http_req_method=GET tf_resource_type=proxmox_virtual_environment_container timestamp=2026-01-30T14:27:48.426-0300
2026-01-30T14:27:48.453-0300 [DEBUG] provider.terraform-provider-proxmox_v0.50.0: Received HTTP Response: Expires="Fri, 30 Jan 2026 17:27:48 GMT" Pragma=no-cache tf_http_res_body="{\"data\":{\"type\":\"lxc\",\"maxdisk\":8350298112,\"name\":\"postgres-dev\",\"disk\":626585600,\"netin\":0,\"cpu\":0.0007780213942231,\"pid\":773359,\"cpus\":2,\"maxswap\":536870912,\"status\":\"running\",\"netout\":0,\"maxmem\":2147483648,\"diskwrite\":0,\"swap\":0,\"vmid\":109,\"diskread\":2342912,\"mem\":430080,\"ha\":{\"managed\":0},\"uptime\":0}}" tf_http_res_status_reason="200 OK" @caller=github.com/hashicorp/terraform-plugin-sdk/v2@v2.33.0/helper/logging/logging_http_transport.go:162 Content-Type=application/json;charset=UTF-8 Date="Fri, 30 Jan 2026 17:27:48 GMT" tf_http_op_type=response tf_http_res_version=HTTP/1.1 tf_http_trans_id=cccf49e2-4cc6-25e0-4b3d-21c19851abac tf_mux_provider=tf5to6server.v5tov6Server tf_provider_addr=registry.terraform.io/bpg/proxmox Server=pve-api-daemon/3.0 tf_http_res_status_code=200 tf_req_id=99abf062-ae70-7697-5704-4f6e2cce797f tf_rpc=ApplyResourceChange @module=proxmox Cache-Control=max-age=0 tf_resource_type=proxmox_virtual_environment_container Content-Length=306 timestamp=2026-01-30T14:27:48.453-0300
2026-01-30T14:27:48.454-0300 [DEBUG] provider.terraform-provider-proxmox_v0.50.0: Sending HTTP Request: Accept-Encoding=gzip Authorization="PVEAPIToken=user_iac@pam!b6abc8eb-291c-402c-a07a-189e557ca097=5d72a478-9122-4d5e-bd76-6e8974df4205" User-Agent=Go-http-client/1.1 tf_http_op_type=request tf_http_trans_id=0ddad9d5-a00e-b972-a9ff-b42b4b49fe37 tf_provider_addr=registry.terraform.io/bpg/proxmox tf_rpc=ApplyResourceChange tf_http_req_body="" Host=192.168.1.191:8006 tf_http_req_version=HTTP/1.1 tf_mux_provider=tf5to6server.v5tov6Server tf_resource_type=proxmox_virtual_environment_container tf_req_id=99abf062-ae70-7697-5704-4f6e2cce797f tf_http_req_method=GET tf_http_req_uri=/api2/json/nodes/pve/lxc/109/config @caller=github.com/hashicorp/terraform-plugin-sdk/v2@v2.33.0/helper/logging/logging_http_transport.go:162 @module=proxmox Accept=application/json timestamp=2026-01-30T14:27:48.453-0300
2026-01-30T14:27:48.462-0300 [DEBUG] provider.terraform-provider-proxmox_v0.50.0: Received HTTP Response: tf_http_res_body="{\"data\":{\"template\":0,\"tty\":2,\"console\":1,\"swap\":512,\"rootfs\":\"WorkLoad:vm-109-disk-0,size=8G\",\"memory\":2048,\"arch\":\"amd64\",\"cores\":2,\"cmode\":\"tty\",\"hostname\":\"postgres-dev\",\"ostype\":\"ubuntu\",\"unprivileged\":1,\"onboot\":1,\"digest\":\"36847381d7980584890b4519f32b0cc318efa063\",\"cpuunits\":1024,\"net0\":\"name=eth0,bridge=vmbr0,gw=192.168.1.1,hwaddr=BC:24:11:52:C7:B3,ip=192.168.1.109/24,type=veth\"}}" tf_http_trans_id=0ddad9d5-a00e-b972-a9ff-b42b4b49fe37 tf_resource_type=proxmox_virtual_environment_container tf_rpc=ApplyResourceChange @caller=github.com/hashicorp/terraform-plugin-sdk/v2@v2.33.0/helper/logging/logging_http_transport.go:162 @module=proxmox Connection=Keep-Alive Content-Length=391 Date="Fri, 30 Jan 2026 17:27:48 GMT" Expires="Fri, 30 Jan 2026 17:27:48 GMT" Server=pve-api-daemon/3.0 tf_http_res_status_code=200 Content-Type=application/json;charset=UTF-8 tf_http_res_version=HTTP/1.1 tf_mux_provider=tf5to6server.v5tov6Server tf_req_id=99abf062-ae70-7697-5704-4f6e2cce797f Cache-Control=max-age=0 Pragma=no-cache tf_http_op_type=response tf_http_res_status_reason="200 OK" tf_provider_addr=registry.terraform.io/bpg/proxmox timestamp=2026-01-30T14:27:48.462-0300
2026-01-30T14:27:48.462-0300 [DEBUG] provider.terraform-provider-proxmox_v0.50.0: Sending HTTP Request: Accept=application/json tf_http_req_body="" @caller=github.com/hashicorp/terraform-plugin-sdk/v2@v2.33.0/helper/logging/logging_http_transport.go:162 @module=proxmox Host=192.168.1.191:8006 User-Agent=Go-http-client/1.1 tf_http_op_type=request tf_req_id=99abf062-ae70-7697-5704-4f6e2cce797f tf_resource_type=proxmox_virtual_environment_container Accept-Encoding=gzip tf_http_req_method=GET tf_http_req_uri=/api2/json/nodes/pve/lxc/109/status/current tf_http_trans_id=3429b5ba-ce2f-7e61-bd7b-b0db2d8fea47 tf_mux_provider=tf5to6server.v5tov6Server tf_provider_addr=registry.terraform.io/bpg/proxmox tf_rpc=ApplyResourceChange Authorization="PVEAPIToken=user_iac@pam!b6abc8eb-291c-402c-a07a-189e557ca097=5d72a478-9122-4d5e-bd76-6e8974df4205" tf_http_req_version=HTTP/1.1 timestamp=2026-01-30T14:27:48.462-0300
2026-01-30T14:27:48.484-0300 [DEBUG] provider.terraform-provider-proxmox_v0.50.0: Received HTTP Response: @caller=github.com/hashicorp/terraform-plugin-sdk/v2@v2.33.0/helper/logging/logging_http_transport.go:162 Content-Length=289 Content-Type=application/json;charset=UTF-8 tf_http_res_status_code=200 tf_http_res_status_reason="200 OK" @module=proxmox Expires="Fri, 30 Jan 2026 17:27:48 GMT" tf_http_trans_id=3429b5ba-ce2f-7e61-bd7b-b0db2d8fea47 tf_req_id=99abf062-ae70-7697-5704-4f6e2cce797f tf_resource_type=proxmox_virtual_environment_container Cache-Control=max-age=0 Server=pve-api-daemon/3.0 tf_http_op_type=response tf_http_res_version=HTTP/1.1 tf_mux_provider=tf5to6server.v5tov6Server tf_rpc=ApplyResourceChange Date="Fri, 30 Jan 2026 17:27:48 GMT" Pragma=no-cache tf_http_res_body="{\"data\":{\"status\":\"running\",\"maxswap\":536870912,\"uptime\":0,\"ha\":{\"managed\":0},\"mem\":462848,\"diskread\":3383296,\"vmid\":109,\"maxmem\":2147483648,\"diskwrite\":0,\"swap\":0,\"netout\":0,\"maxdisk\":8350298112,\"type\":\"lxc\",\"pid\":773359,\"cpus\":2,\"disk\":626585600,\"netin\":0,\"cpu\":0,\"name\":\"postgres-dev\"}}" tf_provider_addr=registry.terraform.io/bpg/proxmox timestamp=2026-01-30T14:27:48.484-0300
2026-01-30T14:27:48.487-0300 [WARN]  Provider "provider[\"registry.terraform.io/bpg/proxmox\"]" produced an unexpected new value for proxmox_virtual_environment_container.db_container, but we are tolerating it because it is using the legacy plugin SDK.
    The following problems may be the cause of any confusing errors from downstream operations:
      - .description: was null, but now cty.StringVal("")
      - .network_interface[0].mac_address: was null, but now cty.StringVal("BC:24:11:52:C7:B3")
2026-01-30T14:27:48.496-0300 [DEBUG] State storage *statemgr.Filesystem declined to persist a state snapshot
2026-01-30T14:27:48.497-0300 [DEBUG] provider.stdio: received EOF, stopping recv loop: err="rpc error: code = Unavailable desc = error reading from server: EOF"
2026-01-30T14:27:48.498-0300 [INFO]  provider: plugin process exited: plugin=.terraform/providers/registry.terraform.io/bpg/proxmox/0.50.0/linux_amd64/terraform-provider-proxmox_v0.50.0 id=20747
2026-01-30T14:27:48.498-0300 [DEBUG] provider: plugin exited
2026-01-30T14:28:59.676-0300 [INFO]  Terraform version: 1.14.4
2026-01-30T14:28:59.676-0300 [DEBUG] using github.com/hashicorp/go-tfe v1.94.0
2026-01-30T14:28:59.676-0300 [DEBUG] using github.com/hashicorp/hcl/v2 v2.24.0
2026-01-30T14:28:59.676-0300 [DEBUG] using github.com/hashicorp/terraform-svchost v0.1.1
2026-01-30T14:28:59.676-0300 [DEBUG] using github.com/zclconf/go-cty v1.16.3
2026-01-30T14:28:59.676-0300 [INFO]  Go runtime version: go1.25.6
2026-01-30T14:28:59.676-0300 [INFO]  CLI args: []string{"terraform", "show"}
2026-01-30T14:28:59.676-0300 [DEBUG] Attempting to open CLI config file: /home/my-ubuntu/.terraformrc
2026-01-30T14:28:59.676-0300 [DEBUG] File doesn't exist, but doesn't need to. Ignoring.
2026-01-30T14:28:59.676-0300 [DEBUG] ignoring non-existing provider search directory terraform.d/plugins
2026-01-30T14:28:59.676-0300 [DEBUG] ignoring non-existing provider search directory /home/my-ubuntu/.terraform.d/plugins
2026-01-30T14:28:59.676-0300 [DEBUG] ignoring non-existing provider search directory /home/my-ubuntu/.local/share/terraform/plugins
2026-01-30T14:28:59.676-0300 [DEBUG] ignoring non-existing provider search directory /usr/local/share/terraform/plugins
2026-01-30T14:28:59.676-0300 [DEBUG] ignoring non-existing provider search directory /usr/share/terraform/plugins
2026-01-30T14:28:59.676-0300 [DEBUG] ignoring non-existing provider search directory /var/lib/snapd/desktop/terraform/plugins
2026-01-30T14:28:59.677-0300 [INFO]  CLI command args: []string{"show"}
2026-01-30T14:28:59.725-0300 [DEBUG] checking for provisioner in "."
2026-01-30T14:28:59.727-0300 [DEBUG] checking for provisioner in "/usr/bin"
2026-01-30T14:28:59.773-0300 [DEBUG] checking for provisioner in "."
2026-01-30T14:28:59.776-0300 [DEBUG] checking for provisioner in "/usr/bin"
2026-01-30T14:28:59.776-0300 [DEBUG] created provider logger: level=debug
2026-01-30T14:28:59.776-0300 [INFO]  provider: configuring client automatic mTLS
2026-01-30T14:28:59.785-0300 [DEBUG] provider: starting plugin: path=.terraform/providers/registry.terraform.io/bpg/proxmox/0.50.0/linux_amd64/terraform-provider-proxmox_v0.50.0 args=[".terraform/providers/registry.terraform.io/bpg/proxmox/0.50.0/linux_amd64/terraform-provider-proxmox_v0.50.0"]
2026-01-30T14:28:59.786-0300 [DEBUG] provider: plugin started: path=.terraform/providers/registry.terraform.io/bpg/proxmox/0.50.0/linux_amd64/terraform-provider-proxmox_v0.50.0 pid=20910
2026-01-30T14:28:59.786-0300 [DEBUG] provider: waiting for RPC address: plugin=.terraform/providers/registry.terraform.io/bpg/proxmox/0.50.0/linux_amd64/terraform-provider-proxmox_v0.50.0
2026-01-30T14:28:59.792-0300 [INFO]  provider.terraform-provider-proxmox_v0.50.0: configuring server automatic mTLS: timestamp=2026-01-30T14:28:59.791-0300
2026-01-30T14:28:59.801-0300 [DEBUG] provider: using plugin: version=6
2026-01-30T14:28:59.801-0300 [DEBUG] provider.terraform-provider-proxmox_v0.50.0: plugin address: address=/tmp/plugin3986963399 network=unix timestamp=2026-01-30T14:28:59.801-0300
2026-01-30T14:28:59.827-0300 [DEBUG] provider.stdio: received EOF, stopping recv loop: err="rpc error: code = Unavailable desc = error reading from server: EOF"
2026-01-30T14:28:59.828-0300 [INFO]  provider: plugin process exited: plugin=.terraform/providers/registry.terraform.io/bpg/proxmox/0.50.0/linux_amd64/terraform-provider-proxmox_v0.50.0 id=20910
2026-01-30T14:28:59.828-0300 [DEBUG] provider: plugin exited
